<?xml version="1.0" encoding="UTF-8"?>
<testsuite name="SettingsTestClass" tests="3" skipped="0" failures="0" errors="0" timestamp="2022-01-10T14:36:47" hostname="Jan-MacBook-Air.local" time="35.356">
  <properties/>
  <testcase name="testA" classname="SettingsTestClass" time="4.074"/>
  <testcase name="testB" classname="SettingsTestClass" time="14.246"/>
  <testcase name="testC" classname="SettingsTestClass" time="17.036"/>
  <system-out><![CDATA[[[io.appium.java_client.ios.IOSDriver, Capabilities: {automationName=XCUITest, browserName=, bundleId=com.apple.Preferences, databaseEnabled=false, deviceName=iPhone 11, javascriptEnabled=true, locationContextEnabled=false, networkConnectionEnabled=false, noReset=true, platform=MAC, platformName=iOS, platformVersion=15.2, takesScreenshot=true, udid=F8EE7098-8D89-46FB-B649-54129E57A109, webDriverAgentUrl=http://localhost:8100, webStorageEnabled=false}] -> accessibility id: Settings] {[[[io.appium.java_client.ios.IOSDriver, Capabilities: {automationName=XCUITest, browserName=, bundleId=com.apple.Preferences, databaseEnabled=false, deviceName=iPhone 11, javascriptEnabled=true, locationContextEnabled=false, networkConnectionEnabled=false, noReset=true, platform=MAC, platformName=iOS, platformVersion=15.2, takesScreenshot=true, udid=F8EE7098-8D89-46FB-B649-54129E57A109, webDriverAgentUrl=http://localhost:8100, webStorageEnabled=false}] -> xpath: //XCUIElementTypeApplication[@name="Settings"]/XCUIElementTypeWindow[1]] {[[[io.appium.java_client.ios.IOSDriver, Capabilities: {automationName=XCUITest, browserName=, bundleId=com.apple.Preferences, databaseEnabled=false, deviceName=iPhone 11, javascriptEnabled=true, locationContextEnabled=false, networkConnectionEnabled=false, noReset=true, platform=MAC, platformName=iOS, platformVersion=15.2, takesScreenshot=true, udid=F8EE7098-8D89-46FB-B649-54129E57A109, webDriverAgentUrl=http://localhost:8100, webStorageEnabled=false}] -> xpath: //XCUIElementTypeApplication[@name="Settings"]/XCUIElementTypeWindow[1]/XCUIElementTypeOther] {[[[io.appium.java_client.ios.IOSDriver, Capabilities: {automationName=XCUITest, browserName=, bundleId=com.apple.Preferences, databaseEnabled=false, deviceName=iPhone 11, javascriptEnabled=true, locationContextEnabled=false, networkConnectionEnabled=false, noReset=true, platform=MAC, platformName=iOS, platformVersion=15.2, takesScreenshot=true, udid=F8EE7098-8D89-46FB-B649-54129E57A109, webDriverAgentUrl=http://localhost:8100, webStorageEnabled=false}] -> xpath: //XCUIElementTypeApplication[@name="Settings"]/XCUIElementTypeWindow[1]/XCUIElementTypeOther/XCUIElementTypeOther] {[[[io.appium.java_client.ios.IOSDriver, Capabilities: {automationName=XCUITest, browserName=, bundleId=com.apple.Preferences, databaseEnabled=false, deviceName=iPhone 11, javascriptEnabled=true, locationContextEnabled=false, networkConnectionEnabled=false, noReset=true, platform=MAC, platformName=iOS, platformVersion=15.2, takesScreenshot=true, udid=F8EE7098-8D89-46FB-B649-54129E57A109, webDriverAgentUrl=http://localhost:8100, webStorageEnabled=false}] -> xpath: //XCUIElementTypeApplication[@name="Settings"]/XCUIElementTypeWindow[1]/XCUIElementTypeOther/XCUIElementTypeOther/XCUIElementTypeOther
] {[[[io.appium.java_client.ios.IOSDriver, Capabilities: {automationName=XCUITest, browserName=, bundleId=com.apple.Preferences, databaseEnabled=false, deviceName=iPhone 11, javascriptEnabled=true, locationContextEnabled=false, networkConnectionEnabled=false, noReset=true, platform=MAC, platformName=iOS, platformVersion=15.2, takesScreenshot=true, udid=F8EE7098-8D89-46FB-B649-54129E57A109, webDriverAgentUrl=http://localhost:8100, webStorageEnabled=false}] -> xpath: //XCUIElementTypeApplication[@name="Settings"]/XCUIElementTypeWindow[1]/XCUIElementTypeOther/XCUIElementTypeOther/XCUIElementTypeOther/XCUIElementTypeOther
] {[[[io.appium.java_client.ios.IOSDriver, Capabilities: {automationName=XCUITest, browserName=, bundleId=com.apple.Preferences, databaseEnabled=false, deviceName=iPhone 11, javascriptEnabled=true, locationContextEnabled=false, networkConnectionEnabled=false, noReset=true, platform=MAC, platformName=iOS, platformVersion=15.2, takesScreenshot=true, udid=F8EE7098-8D89-46FB-B649-54129E57A109, webDriverAgentUrl=http://localhost:8100, webStorageEnabled=false}] -> xpath: //XCUIElementTypeNavigationBar[@name="Dictionary"]
] {[[[io.appium.java_client.ios.IOSDriver, Capabilities: {automationName=XCUITest, browserName=, bundleId=com.apple.Preferences, databaseEnabled=false, deviceName=iPhone 11, javascriptEnabled=true, locationContextEnabled=false, networkConnectionEnabled=false, noReset=true, platform=MAC, platformName=iOS, platformVersion=15.2, takesScreenshot=true, udid=F8EE7098-8D89-46FB-B649-54129E57A109, webDriverAgentUrl=http://localhost:8100, webStorageEnabled=false}] -> xpath: //XCUIElementTypeButton[@name="General"]
], [[io.appium.java_client.ios.IOSDriver, Capabilities: {automationName=XCUITest, browserName=, bundleId=com.apple.Preferences, databaseEnabled=false, deviceName=iPhone 11, javascriptEnabled=true, locationContextEnabled=false, networkConnectionEnabled=false, noReset=true, platform=MAC, platformName=iOS, platformVersion=15.2, takesScreenshot=true, udid=F8EE7098-8D89-46FB-B649-54129E57A109, webDriverAgentUrl=http://localhost:8100, webStorageEnabled=false}] -> xpath: //XCUIElementTypeStaticText[@name="Dictionary"]
]] }, [[io.appium.java_client.ios.IOSDriver, Capabilities: {automationName=XCUITest, browserName=, bundleId=com.apple.Preferences, databaseEnabled=false, deviceName=iPhone 11, javascriptEnabled=true, locationContextEnabled=false, networkConnectionEnabled=false, noReset=true, platform=MAC, platformName=iOS, platformVersion=15.2, takesScreenshot=true, udid=F8EE7098-8D89-46FB-B649-54129E57A109, webDriverAgentUrl=http://localhost:8100, webStorageEnabled=false}] -> xpath: //XCUIElementTypeApplication[@name="Settings"]/XCUIElementTypeWindow[1]/XCUIElementTypeOther/XCUIElementTypeOther/XCUIElementTypeOther/XCUIElementTypeOther/XCUIElementTypeOther
] {[[[io.appium.java_client.ios.IOSDriver, Capabilities: {automationName=XCUITest, browserName=, bundleId=com.apple.Preferences, databaseEnabled=false, deviceName=iPhone 11, javascriptEnabled=true, locationContextEnabled=false, networkConnectionEnabled=false, noReset=true, platform=MAC, platformName=iOS, platformVersion=15.2, takesScreenshot=true, udid=F8EE7098-8D89-46FB-B649-54129E57A109, webDriverAgentUrl=http://localhost:8100, webStorageEnabled=false}] -> xpath: //XCUIElementTypeApplication[@name="Settings"]/XCUIElementTypeWindow[1]/XCUIElementTypeOther/XCUIElementTypeOther/XCUIElementTypeOther/XCUIElementTypeOther/XCUIElementTypeOther/XCUIElementTypeOther
] {[[[io.appium.java_client.ios.IOSDriver, Capabilities: {automationName=XCUITest, browserName=, bundleId=com.apple.Preferences, databaseEnabled=false, deviceName=iPhone 11, javascriptEnabled=true, locationContextEnabled=false, networkConnectionEnabled=false, noReset=true, platform=MAC, platformName=iOS, platformVersion=15.2, takesScreenshot=true, udid=F8EE7098-8D89-46FB-B649-54129E57A109, webDriverAgentUrl=http://localhost:8100, webStorageEnabled=false}] -> xpath: //XCUIElementTypeApplication[@name="Settings"]/XCUIElementTypeWindow[1]/XCUIElementTypeOther/XCUIElementTypeOther/XCUIElementTypeOther/XCUIElementTypeOther/XCUIElementTypeOther/XCUIElementTypeOther/XCUIElementTypeOther
] {[[[io.appium.java_client.ios.IOSDriver, Capabilities: {automationName=XCUITest, browserName=, bundleId=com.apple.Preferences, databaseEnabled=false, deviceName=iPhone 11, javascriptEnabled=true, locationContextEnabled=false, networkConnectionEnabled=false, noReset=true, platform=MAC, platformName=iOS, platformVersion=15.2, takesScreenshot=true, udid=F8EE7098-8D89-46FB-B649-54129E57A109, webDriverAgentUrl=http://localhost:8100, webStorageEnabled=false}] -> xpath: //XCUIElementTypeApplication[@name="Settings"]/XCUIElementTypeWindow[1]/XCUIElementTypeOther/XCUIElementTypeOther/XCUIElementTypeOther/XCUIElementTypeOther/XCUIElementTypeOther/XCUIElementTypeOther/XCUIElementTypeOther/XCUIElementTypeOther
] {[[[io.appium.java_client.ios.IOSDriver, Capabilities: {automationName=XCUITest, browserName=, bundleId=com.apple.Preferences, databaseEnabled=false, deviceName=iPhone 11, javascriptEnabled=true, locationContextEnabled=false, networkConnectionEnabled=false, noReset=true, platform=MAC, platformName=iOS, platformVersion=15.2, takesScreenshot=true, udid=F8EE7098-8D89-46FB-B649-54129E57A109, webDriverAgentUrl=http://localhost:8100, webStorageEnabled=false}] -> xpath: //XCUIElementTypeApplication[@name="Settings"]/XCUIElementTypeWindow[1]/XCUIElementTypeOther/XCUIElementTypeOther/XCUIElementTypeOther/XCUIElementTypeOther/XCUIElementTypeOther/XCUIElementTypeOther/XCUIElementTypeOther/XCUIElementTypeOther/XCUIElementTypeOther
] {[[[io.appium.java_client.ios.IOSDriver, Capabilities: {automationName=XCUITest, browserName=, bundleId=com.apple.Preferences, databaseEnabled=false, deviceName=iPhone 11, javascriptEnabled=true, locationContextEnabled=false, networkConnectionEnabled=false, noReset=true, platform=MAC, platformName=iOS, platformVersion=15.2, takesScreenshot=true, udid=F8EE7098-8D89-46FB-B649-54129E57A109, webDriverAgentUrl=http://localhost:8100, webStorageEnabled=false}] -> xpath: //XCUIElementTypeApplication[@name="Settings"]/XCUIElementTypeWindow[1]/XCUIElementTypeOther/XCUIElementTypeOther/XCUIElementTypeOther/XCUIElementTypeOther/XCUIElementTypeOther/XCUIElementTypeOther/XCUIElementTypeOther/XCUIElementTypeOther/XCUIElementTypeOther/XCUIElementTypeOther
] {[[[io.appium.java_client.ios.IOSDriver, Capabilities: {automationName=XCUITest, browserName=, bundleId=com.apple.Preferences, databaseEnabled=false, deviceName=iPhone 11, javascriptEnabled=true, locationContextEnabled=false, networkConnectionEnabled=false, noReset=true, platform=MAC, platformName=iOS, platformVersion=15.2, takesScreenshot=true, udid=F8EE7098-8D89-46FB-B649-54129E57A109, webDriverAgentUrl=http://localhost:8100, webStorageEnabled=false}] -> xpath: //XCUIElementTypeApplication[@name="Settings"]/XCUIElementTypeWindow[1]/XCUIElementTypeOther/XCUIElementTypeOther/XCUIElementTypeOther/XCUIElementTypeOther/XCUIElementTypeOther/XCUIElementTypeOther/XCUIElementTypeOther/XCUIElementTypeOther/XCUIElementTypeOther/XCUIElementTypeOther/XCUIElementTypeTable
]] }] }] }] }] }] }] }] }] }] }] }, [[io.appium.java_client.ios.IOSDriver, Capabilities: {automationName=XCUITest, browserName=, bundleId=com.apple.Preferences, databaseEnabled=false, deviceName=iPhone 11, javascriptEnabled=true, locationContextEnabled=false, networkConnectionEnabled=false, noReset=true, platform=MAC, platformName=iOS, platformVersion=15.2, takesScreenshot=true, udid=F8EE7098-8D89-46FB-B649-54129E57A109, webDriverAgentUrl=http://localhost:8100, webStorageEnabled=false}] -> xpath: //XCUIElementTypeApplication[@name="Settings"]/XCUIElementTypeWindow[2]]] }
]]></system-out>
  <system-err><![CDATA[led 10, 2022 3:36:50 ODP. io.appium.java_client.remote.AppiumCommandExecutor$1 lambda$0
INFO: Detected dialect: W3C
led 10, 2022 3:36:53 ODP. io.appium.java_client.remote.AppiumCommandExecutor$1 lambda$0
INFO: Detected dialect: W3C
led 10, 2022 3:37:08 ODP. io.appium.java_client.remote.AppiumCommandExecutor$1 lambda$0
INFO: Detected dialect: W3C
]]></system-err>
</testsuite>
